<?xml version="1.0" encoding="UTF-8"?>
<!-- Generated by org.testng.reporters.JUnitReportReporter -->
<testsuite skipped="0" hostname="ICPL12746" name="com.flipkartweb.steps.GitJenkinsSteps" tests="1" failures="0" timestamp="31 Jan 2018 07:38:16 GMT" time="24.026" errors="0">
  <testcase name="checkTestOrderFlow" time="24.026" classname="com.flipkartweb.steps.GitJenkinsSteps"/>
</testsuite> <!-- com.flipkartweb.steps.GitJenkinsSteps -->
